<?xml version="1.0" encoding="UTF-8"?>
<!-- Generated by org.testng.reporters.JUnitReportReporter -->
<testsuite hostname="DESKTOP-3RHQS1L" failures="0" tests="4" name="practiceCrossBrowserTesting.CreateOrganizationCBTDemo" time="77.870" errors="0" timestamp="2024-05-10T11:17:38 IST" skipped="0">
  <testcase classname="practiceCrossBrowserTesting.CreateOrganizationCBTDemo" name="createOrgWithPhNoTest" time="17.376"/>
  <system-out/>
  <testcase classname="practiceCrossBrowserTesting.CreateOrganizationCBTDemo" name="CreateAnddelOrgTest" time="24.474"/>
  <system-out/>
  <testcase classname="practiceCrossBrowserTesting.CreateOrganizationCBTDemo" name="createOrgWithIndTest" time="16.700"/>
  <system-out/>
  <testcase classname="practiceCrossBrowserTesting.CreateOrganizationCBTDemo" name="createOrgTest" time="19.320"/>
  <system-out/>
</testsuite> <!-- practiceCrossBrowserTesting.CreateOrganizationCBTDemo -->
