<?xml version="1.0" encoding="UTF-8"?>
<!-- Generated by org.testng.reporters.JUnitReportReporter -->
<testsuite hostname="DESKTOP-3RHQS1L" failures="0" tests="1" name="mock_practice.amazon_mock" time="14.895" errors="0" timestamp="2024-06-05T19:13:19 IST" skipped="0">
  <testcase classname="mock_practice.amazon_mock" name="iphone" time="14.895"/>
</testsuite> <!-- mock_practice.amazon_mock -->
