<?xml version="1.0" encoding="UTF-8"?>
<!-- Generated by org.testng.reporters.JUnitReportReporter -->
<testsuite hostname="DESKTOP-3RHQS1L" failures="0" tests="1" name="mock_practice.compareThrowsAndTryCatch" time="0.022" errors="0" timestamp="2024-08-14T07:38:07 IST" skipped="0">
  <testcase classname="mock_practice.compareThrowsAndTryCatch" name="exceldata1" time="0.022"/>
</testsuite> <!-- mock_practice.compareThrowsAndTryCatch -->
