<?xml version="1.0" encoding="UTF-8"?>
<!-- Generated by org.testng.reporters.JUnitReportReporter -->
<testsuite hostname="DESKTOP-3RHQS1L" failures="0" tests="1" name="com.comcast.crm.contacttest.ExtRep_CreateContactTest" time="15.773" errors="0" timestamp="2024-05-20T13:13:57 IST" skipped="0">
  <testcase classname="com.comcast.crm.contacttest.ExtRep_CreateContactTest" name="createNewContTest" time="15.773"/>
</testsuite> <!-- com.comcast.crm.contacttest.ExtRep_CreateContactTest -->
