<?xml version="1.0" encoding="UTF-8"?>
<!-- Generated by org.testng.reporters.JUnitReportReporter -->
<testsuite hostname="DESKTOP-3RHQS1L" failures="0" tests="1" name="AllModuleBackUpWithBaseClass.CreateContactWithOrganization" time="32.981" errors="0" timestamp="2024-05-09T11:33:28 IST" skipped="0">
  <testcase classname="AllModuleBackUpWithBaseClass.CreateContactWithOrganization" name="createNewContWithOrgTest" time="32.981"/>
  <system-out/>
</testsuite> <!-- AllModuleBackUpWithBaseClass.CreateContactWithOrganization -->
