<?xml version="1.0" encoding="UTF-8"?>
<!-- Generated by org.testng.reporters.JUnitReportReporter -->
<testsuite hostname="DESKTOP-3RHQS1L" failures="0" tests="1" name="mock_practice.RedBusDemo" time="6.902" errors="0" timestamp="2024-05-21T21:39:56 IST" skipped="0">
  <testcase classname="mock_practice.RedBusDemo" name="redbus" time="6.902"/>
</testsuite> <!-- mock_practice.RedBusDemo -->
