<?xml version="1.0" encoding="UTF-8"?>
<!-- Generated by org.testng.reporters.JUnitReportReporter -->
<testsuite hostname="DESKTOP-3RHQS1L" failures="0" tests="2" name="mock_practice.DataProvider_Mock" time="0.012" errors="0" timestamp="2024-05-18T15:03:27 IST" skipped="0">
  <testcase classname="mock_practice.DataProvider_Mock" name="test" time="0.002"/>
  <testcase classname="mock_practice.DataProvider_Mock" name="test" time="0.010"/>
</testsuite> <!-- mock_practice.DataProvider_Mock -->
