<?xml version="1.0" encoding="UTF-8"?>
<!-- Generated by org.testng.reporters.JUnitReportReporter -->
<testsuite hostname="DESKTOP-3RHQS1L" failures="0" tests="1" name="AllModuleBackUpWithBaseClass.CreateContactWithSupportDateTest" time="61.648" errors="0" timestamp="2024-05-09T12:08:54 IST" skipped="0">
  <testcase classname="AllModuleBackUpWithBaseClass.CreateContactWithSupportDateTest" name="createNewContWithSuppTest" time="61.648"/>
  <system-out/>
</testsuite> <!-- AllModuleBackUpWithBaseClass.CreateContactWithSupportDateTest -->
