<?xml version="1.0" encoding="UTF-8"?>
<!-- Generated by org.testng.reporters.JUnitReportReporter -->
<testsuite hostname="DESKTOP-3RHQS1L" failures="0" tests="1" name="AllModuleBackUpWithBaseClass.CreateOrganizationTest" time="22.271" errors="0" timestamp="2024-05-09T15:46:52 IST" skipped="0">
  <testcase classname="AllModuleBackUpWithBaseClass.CreateOrganizationTest" name="createOrgTest" time="22.271"/>
  <system-out/>
</testsuite> <!-- AllModuleBackUpWithBaseClass.CreateOrganizationTest -->
