<?xml version="1.0" encoding="UTF-8"?>
<!-- Generated by org.testng.reporters.JUnitReportReporter -->
<testsuite hostname="DESKTOP-3RHQS1L" failures="0" tests="1" name="POMConceptsPrgmsDemo.PageFactoryUsage" time="22.322" errors="0" timestamp="2024-05-06T11:29:54 IST" skipped="0">
  <testcase classname="POMConceptsPrgmsDemo.PageFactoryUsage" name="pageFactDemo" time="22.322"/>
  <system-out/>
</testsuite> <!-- POMConceptsPrgmsDemo.PageFactoryUsage -->
