<?xml version="1.0" encoding="UTF-8"?>
<!-- Generated by org.testng.reporters.JUnitReportReporter -->
<testsuite hostname="DESKTOP-3RHQS1L" failures="0" tests="1" name="com.comcast.crm.contacttest.CreateContactWithOrganization" time="48.475" errors="0" timestamp="2024-05-07T13:07:23 IST" skipped="0">
  <testcase classname="com.comcast.crm.contacttest.CreateContactWithOrganization" name="createNewContWithOrgTest" time="48.475"/>
  <system-out/>
</testsuite> <!-- com.comcast.crm.contacttest.CreateContactWithOrganization -->
