<?xml version="1.0" encoding="UTF-8"?>
<!-- Generated by org.testng.reporters.JUnitReportReporter -->
<testsuite hostname="DESKTOP-3RHQS1L" failures="0" tests="1" name="AllModuleBackUpWithBaseClass.CreateContactTest" time="15.118" errors="0" timestamp="2024-05-10T15:39:08 IST" skipped="0">
  <testcase classname="AllModuleBackUpWithBaseClass.CreateContactTest" name="createNewContTest" time="15.118"/>
  <system-out>
    <![CDATA[Contact Name generated is : Shiny Ingrid_2490
Contact detail is driven == PASS
Contact is created and verified == PASS
Execution was successful]]>
  </system-out>
</testsuite> <!-- AllModuleBackUpWithBaseClass.CreateContactTest -->
