<?xml version="1.0" encoding="UTF-8"?>
<!-- Generated by org.testng.reporters.JUnitReportReporter -->
<testsuite hostname="DESKTOP-3RHQS1L" failures="0" tests="1" name="com.comcast.crm.campaignTest.CreateCampaignTest" time="28.145" errors="0" timestamp="2024-05-09T12:23:56 IST" skipped="0">
  <testcase classname="com.comcast.crm.campaignTest.CreateCampaignTest" name="createNewCampTest" time="28.145"/>
  <system-out/>
</testsuite> <!-- com.comcast.crm.campaignTest.CreateCampaignTest -->
