<?xml version="1.0" encoding="UTF-8"?>
<!-- Generated by org.testng.reporters.JUnitReportReporter -->
<testsuite hostname="DESKTOP-3RHQS1L" failures="0" tests="1" name="practicePurpose.SampleToTestBaseClassFunctionality" time="21.737" errors="0" timestamp="2024-05-09T10:47:49 IST" skipped="0">
  <testcase classname="practicePurpose.SampleToTestBaseClassFunctionality" name="createOrgBaseClassTest" time="21.737"/>
  <system-out/>
</testsuite> <!-- practicePurpose.SampleToTestBaseClassFunctionality -->
