<?xml version="1.0" encoding="UTF-8"?>
<!-- Generated by org.testng.reporters.JUnitReportReporter -->
<testsuite hostname="DESKTOP-3RHQS1L" failures="0" tests="3" name="testNGListeners.checkRetry" time="11.941" errors="0" timestamp="2024-05-13T16:55:37 IST" skipped="2">
  <testcase classname="testNGListeners.checkRetry" name="checkingRetry" time="4.679">
    <skipped/>
  </testcase> <!-- checkingRetry -->
  <testcase classname="testNGListeners.checkRetry" name="checkingRetry" time="3.897"/>
  <testcase classname="testNGListeners.checkRetry" name="checkingRetry" time="3.365">
    <skipped/>
  </testcase> <!-- checkingRetry -->
</testsuite> <!-- testNGListeners.checkRetry -->
