<?xml version="1.0" encoding="UTF-8"?>
<!-- Generated by org.testng.reporters.JUnitReportReporter -->
<testsuite hostname="DESKTOP-3RHQS1L" failures="0" tests="1" name="com.comcast.crm.productTest.DeleteProductTest" time="13.448" errors="0" timestamp="2024-05-03T14:55:07 IST" skipped="0">
  <testcase classname="com.comcast.crm.productTest.DeleteProductTest" name="delProdTest" time="13.448"/>
  <system-out/>
</testsuite> <!-- com.comcast.crm.productTest.DeleteProductTest -->
