<?xml version="1.0" encoding="UTF-8"?>
<!-- Generated by org.testng.reporters.JUnitReportReporter -->
<testsuite hostname="DESKTOP-3RHQS1L" failures="0" tests="1" name="com.comcast.crm.orgtest.DeleteOrgTest" time="23.312" errors="0" timestamp="2024-05-09T11:12:56 IST" skipped="0">
  <testcase classname="com.comcast.crm.orgtest.DeleteOrgTest" name="delOrgTest" time="23.312"/>
  <system-out/>
</testsuite> <!-- com.comcast.crm.orgtest.DeleteOrgTest -->
