<?xml version="1.0" encoding="UTF-8"?>
<!-- Generated by org.testng.reporters.JUnitReportReporter -->
<testsuite hostname="DESKTOP-3RHQS1L" failures="0" tests="1" name="com.comcast.crm.contacttest.CreateContactWithSupportDateTest" time="31.339" errors="0" timestamp="2024-05-07T13:20:47 IST" skipped="0">
  <testcase classname="com.comcast.crm.contacttest.CreateContactWithSupportDateTest" name="createNewContWithSuppTest" time="31.339"/>
  <system-out/>
</testsuite> <!-- com.comcast.crm.contacttest.CreateContactWithSupportDateTest -->
