<?xml version="1.0" encoding="UTF-8"?>
<!-- Generated by org.testng.reporters.JUnitReportReporter -->
<testsuite hostname="DESKTOP-3RHQS1L" failures="0" tests="1" name="AllModuleBackUpWithoutBaseClass.CreateContactWithSupportDateTest" time="25.586" errors="0" timestamp="2024-05-09T15:03:37 IST" skipped="0">
  <testcase classname="AllModuleBackUpWithoutBaseClass.CreateContactWithSupportDateTest" name="createNewContWithSuppTest" time="25.586"/>
  <system-out/>
</testsuite> <!-- AllModuleBackUpWithoutBaseClass.CreateContactWithSupportDateTest -->
