<?xml version="1.0" encoding="UTF-8"?>
<!-- Generated by org.testng.reporters.JUnitReportReporter -->
<testsuite hostname="DESKTOP-3RHQS1L" failures="0" tests="2" name="com.comcast.crm.contacttest.ExtRep_CreateContactTest_static" time="148.815" errors="0" timestamp="2024-05-28T14:49:56 IST" skipped="0">
  <testcase classname="com.comcast.crm.contacttest.ExtRep_CreateContactTest_static" name="createNewContTest" time="75.008"/>
  <testcase classname="com.comcast.crm.contacttest.ExtRep_CreateContactTest_static" name="createNewContTest" time="73.807"/>
</testsuite> <!-- com.comcast.crm.contacttest.ExtRep_CreateContactTest_static -->
