<?xml version="1.0" encoding="UTF-8"?>
<!-- Generated by org.testng.reporters.JUnitReportReporter -->
<testsuite hostname="DESKTOP-3RHQS1L" failures="0" tests="1" name="Headless_practice.headlessBrowserLaunch" time="11.460" errors="0" timestamp="2024-08-05T13:01:55 IST" skipped="0">
  <testcase classname="Headless_practice.headlessBrowserLaunch" name="mtd1" time="11.460"/>
</testsuite> <!-- Headless_practice.headlessBrowserLaunch -->
