<?xml version="1.0" encoding="UTF-8"?>
<!-- Generated by org.testng.reporters.JUnitReportReporter -->
<testsuite hostname="DESKTOP-3RHQS1L" failures="0" tests="1" name="AdditionalConcepts.dummy" time="0.949" errors="0" timestamp="2024-06-30T21:38:17 IST" skipped="0">
  <testcase classname="AdditionalConcepts.dummy" name="dum" time="0.949"/>
</testsuite> <!-- AdditionalConcepts.dummy -->
