<?xml version="1.0" encoding="UTF-8"?>
<!-- Generated by org.testng.reporters.JUnitReportReporter -->
<testsuite hostname="DESKTOP-3RHQS1L" failures="0" tests="2" name="com.comcast.crm.contacttest.ExtRep_CreateContactTest_static" time="44.176" errors="0" timestamp="2024-05-28T15:43:54 IST" skipped="0">
  <testcase classname="com.comcast.crm.contacttest.ExtRep_CreateContactTest_static" name="createNewContTest" time="21.848"/>
  <system-out/>
  <testcase classname="com.comcast.crm.contacttest.ExtRep_CreateContactTest_static" name="createNewContTest" time="22.328"/>
  <system-out/>
</testsuite> <!-- com.comcast.crm.contacttest.ExtRep_CreateContactTest_static -->
