<?xml version="1.0" encoding="UTF-8"?>
<!-- Generated by org.testng.reporters.JUnitReportReporter -->
<testsuite hostname="DESKTOP-3RHQS1L" failures="0" tests="1" name="AllModuleBackUpWithoutBaseClass.CreateOrganizationTest" time="20.870" errors="0" timestamp="2024-05-18T16:33:03 IST" skipped="0">
  <testcase classname="AllModuleBackUpWithoutBaseClass.CreateOrganizationTest" name="createOrgTest" time="20.870"/>
  <system-out/>
</testsuite> <!-- AllModuleBackUpWithoutBaseClass.CreateOrganizationTest -->
