<?xml version="1.0" encoding="UTF-8"?>
<!-- Generated by org.testng.reporters.JUnitReportReporter -->
<testsuite hostname="DESKTOP-3RHQS1L" failures="0" tests="4" name="com.comcast.crm.orgtest.CreateOrg_getMavenParam_BC_MP" time="100.576" errors="0" timestamp="2024-05-28T16:08:39 IST" skipped="0">
  <testcase classname="com.comcast.crm.orgtest.CreateOrg_getMavenParam_BC_MP" name="CreateAnddelOrgTest" time="26.799"/>
  <system-out/>
  <testcase classname="com.comcast.crm.orgtest.CreateOrg_getMavenParam_BC_MP" name="createOrgWithIndTest" time="28.398"/>
  <system-out/>
  <testcase classname="com.comcast.crm.orgtest.CreateOrg_getMavenParam_BC_MP" name="createNewOrgTest" time="20.911"/>
  <system-out/>
  <testcase classname="com.comcast.crm.orgtest.CreateOrg_getMavenParam_BC_MP" name="createOrgWithPhNoTest" time="24.468"/>
  <system-out/>
</testsuite> <!-- com.comcast.crm.orgtest.CreateOrg_getMavenParam_BC_MP -->
