<?xml version="1.0" encoding="UTF-8"?>
<!-- Generated by org.testng.reporters.JUnitReportReporter -->
<testsuite hostname="DESKTOP-3RHQS1L" failures="0" tests="1" name="AllModuleBackUpWithBaseClass.CreateOrganizationTest" time="16.419" errors="0" timestamp="2024-05-18T16:33:03 IST" skipped="0">
  <testcase classname="AllModuleBackUpWithBaseClass.CreateOrganizationTest" name="createOrgTest" time="16.419"/>
  <system-out/>
</testsuite> <!-- AllModuleBackUpWithBaseClass.CreateOrganizationTest -->
