<?xml version="1.0" encoding="UTF-8"?>
<!-- Generated by org.testng.reporters.JUnitReportReporter -->
<testsuite hostname="DESKTOP-3RHQS1L" failures="0" tests="1" name="com.comcast.crm.contacttest.CreateContactTest" time="94.674" errors="0" timestamp="2024-08-04T22:54:48 IST" skipped="0">
  <testcase classname="com.comcast.crm.contacttest.CreateContactTest" name="createNewContWithOrgTest" time="94.674"/>
  <system-out/>
</testsuite> <!-- com.comcast.crm.contacttest.CreateContactTest -->
