<?xml version="1.0" encoding="UTF-8"?>
<!-- Generated by org.testng.reporters.JUnitReportReporter -->
<testsuite hostname="DESKTOP-3RHQS1L" failures="0" tests="1" name="mock_practice.mavenCmdMethodExecution" time="0.016" errors="0" timestamp="2024-05-18T16:27:19 IST" skipped="0">
  <testcase classname="mock_practice.mavenCmdMethodExecution" name="method1Test" time="0.016"/>
  <system-out/>
</testsuite> <!-- mock_practice.mavenCmdMethodExecution -->
